Loading data...
Creating splits...
Creating model...
LSTMModel(
  (embedding): Embedding(63, 64)
  (lstm_layer): LSTM(64, 64, num_layers=2, batch_first=True, dropout=0.2)
  (prediction_layer): Linear(in_features=64, out_features=63, bias=True)
  (softmax): Softmax(dim=-1)
)
Using CUDA.
Training started.
TRAIN	EPOCH:0/200	LOSS:2.514309
VAL	EPOCH:0/200	LOSS:1.809735
Model saved at ./lstm_l=2_es=64_hs=64_d=0.2_e=200_lr=0.001_bs=16/checkpoint.pytorch
TRAIN	EPOCH:1/200	LOSS:1.620533
VAL	EPOCH:1/200	LOSS:1.422836
TRAIN	EPOCH:2/200	LOSS:1.326463
VAL	EPOCH:2/200	LOSS:1.19949
Lowest loss model saved at ./lstm_l=2_es=64_hs=64_d=0.2_e=200_lr=0.001_bs=16/best.pytorch
TRAIN	EPOCH:3/200	LOSS:1.158777
VAL	EPOCH:3/200	LOSS:1.06471
TRAIN	EPOCH:4/200	LOSS:1.043978
VAL	EPOCH:4/200	LOSS:0.963521
Lowest loss model saved at ./lstm_l=2_es=64_hs=64_d=0.2_e=200_lr=0.001_bs=16/best.pytorch
TRAIN	EPOCH:5/200	LOSS:0.96181
VAL	EPOCH:5/200	LOSS:0.893004
Model saved at ./lstm_l=2_es=64_hs=64_d=0.2_e=200_lr=0.001_bs=16/checkpoint.pytorch
TRAIN	EPOCH:6/200	LOSS:0.903836
VAL	EPOCH:6/200	LOSS:0.847759
Lowest loss model saved at ./lstm_l=2_es=64_hs=64_d=0.2_e=200_lr=0.001_bs=16/best.pytorch
TRAIN	EPOCH:7/200	LOSS:0.864003
VAL	EPOCH:7/200	LOSS:0.811979
Lowest loss model saved at ./lstm_l=2_es=64_hs=64_d=0.2_e=200_lr=0.001_bs=16/best.pytorch
TRAIN	EPOCH:8/200	LOSS:0.830937
VAL	EPOCH:8/200	LOSS:0.784716
TRAIN	EPOCH:9/200	LOSS:0.806448
VAL	EPOCH:9/200	LOSS:0.76549
Lowest loss model saved at ./lstm_l=2_es=64_hs=64_d=0.2_e=200_lr=0.001_bs=16/best.pytorch
TRAIN	EPOCH:10/200	LOSS:0.784381
VAL	EPOCH:10/200	LOSS:0.745531
Model saved at ./lstm_l=2_es=64_hs=64_d=0.2_e=200_lr=0.001_bs=16/checkpoint.pytorch
TRAIN	EPOCH:11/200	LOSS:0.766853
VAL	EPOCH:11/200	LOSS:0.729625
TRAIN	EPOCH:12/200	LOSS:0.748847
VAL	EPOCH:12/200	LOSS:0.713904
Lowest loss model saved at ./lstm_l=2_es=64_hs=64_d=0.2_e=200_lr=0.001_bs=16/best.pytorch
TRAIN	EPOCH:13/200	LOSS:0.73631
VAL	EPOCH:13/200	LOSS:0.700506
Lowest loss model saved at ./lstm_l=2_es=64_hs=64_d=0.2_e=200_lr=0.001_bs=16/best.pytorch
TRAIN	EPOCH:14/200	LOSS:0.72556
VAL	EPOCH:14/200	LOSS:0.688963
TRAIN	EPOCH:15/200	LOSS:0.711027
VAL	EPOCH:15/200	LOSS:0.676446
Lowest loss model saved at ./lstm_l=2_es=64_hs=64_d=0.2_e=200_lr=0.001_bs=16/best.pytorch
Model saved at ./lstm_l=2_es=64_hs=64_d=0.2_e=200_lr=0.001_bs=16/checkpoint.pytorch
TRAIN	EPOCH:16/200	LOSS:0.69821
VAL	EPOCH:16/200	LOSS:0.667794
TRAIN	EPOCH:17/200	LOSS:0.690715
VAL	EPOCH:17/200	LOSS:0.65891
TRAIN	EPOCH:18/200	LOSS:0.67951
VAL	EPOCH:18/200	LOSS:0.650196
TRAIN	EPOCH:19/200	LOSS:0.673636
VAL	EPOCH:19/200	LOSS:0.645159
Lowest loss model saved at ./lstm_l=2_es=64_hs=64_d=0.2_e=200_lr=0.001_bs=16/best.pytorch
TRAIN	EPOCH:20/200	LOSS:0.665441
VAL	EPOCH:20/200	LOSS:0.636136
Model saved at ./lstm_l=2_es=64_hs=64_d=0.2_e=200_lr=0.001_bs=16/checkpoint.pytorch
TRAIN	EPOCH:21/200	LOSS:0.658055
VAL	EPOCH:21/200	LOSS:0.628293
Lowest loss model saved at ./lstm_l=2_es=64_hs=64_d=0.2_e=200_lr=0.001_bs=16/best.pytorch
TRAIN	EPOCH:22/200	LOSS:0.651622
VAL	EPOCH:22/200	LOSS:0.621494
TRAIN	EPOCH:23/200	LOSS:0.645673
VAL	EPOCH:23/200	LOSS:0.619922
TRAIN	EPOCH:24/200	LOSS:0.639916
VAL	EPOCH:24/200	LOSS:0.612571
TRAIN	EPOCH:25/200	LOSS:0.634031
VAL	EPOCH:25/200	LOSS:0.60882
Model saved at ./lstm_l=2_es=64_hs=64_d=0.2_e=200_lr=0.001_bs=16/checkpoint.pytorch
TRAIN	EPOCH:26/200	LOSS:0.629889
VAL	EPOCH:26/200	LOSS:0.603204
Lowest loss model saved at ./lstm_l=2_es=64_hs=64_d=0.2_e=200_lr=0.001_bs=16/best.pytorch
TRAIN	EPOCH:27/200	LOSS:0.626853
VAL	EPOCH:27/200	LOSS:0.60154
Lowest loss model saved at ./lstm_l=2_es=64_hs=64_d=0.2_e=200_lr=0.001_bs=16/best.pytorch
TRAIN	EPOCH:28/200	LOSS:0.619308
VAL	EPOCH:28/200	LOSS:0.594625
Lowest loss model saved at ./lstm_l=2_es=64_hs=64_d=0.2_e=200_lr=0.001_bs=16/best.pytorch
TRAIN	EPOCH:29/200	LOSS:0.615967
VAL	EPOCH:29/200	LOSS:0.592331
Lowest loss model saved at ./lstm_l=2_es=64_hs=64_d=0.2_e=200_lr=0.001_bs=16/best.pytorch
TRAIN	EPOCH:30/200	LOSS:0.611508
VAL	EPOCH:30/200	LOSS:0.591964
Model saved at ./lstm_l=2_es=64_hs=64_d=0.2_e=200_lr=0.001_bs=16/checkpoint.pytorch
TRAIN	EPOCH:31/200	LOSS:0.607184
VAL	EPOCH:31/200	LOSS:0.584778
Lowest loss model saved at ./lstm_l=2_es=64_hs=64_d=0.2_e=200_lr=0.001_bs=16/best.pytorch
TRAIN	EPOCH:32/200	LOSS:0.602314
VAL	EPOCH:32/200	LOSS:0.584393
Lowest loss model saved at ./lstm_l=2_es=64_hs=64_d=0.2_e=200_lr=0.001_bs=16/best.pytorch
TRAIN	EPOCH:33/200	LOSS:0.599321
VAL	EPOCH:33/200	LOSS:0.581248
Lowest loss model saved at ./lstm_l=2_es=64_hs=64_d=0.2_e=200_lr=0.001_bs=16/best.pytorch
TRAIN	EPOCH:34/200	LOSS:0.595784
VAL	EPOCH:34/200	LOSS:0.576416
Lowest loss model saved at ./lstm_l=2_es=64_hs=64_d=0.2_e=200_lr=0.001_bs=16/best.pytorch
TRAIN	EPOCH:35/200	LOSS:0.592502
VAL	EPOCH:35/200	LOSS:0.576838
Model saved at ./lstm_l=2_es=64_hs=64_d=0.2_e=200_lr=0.001_bs=16/checkpoint.pytorch
TRAIN	EPOCH:36/200	LOSS:0.589209
VAL	EPOCH:36/200	LOSS:0.574066
Lowest loss model saved at ./lstm_l=2_es=64_hs=64_d=0.2_e=200_lr=0.001_bs=16/best.pytorch
TRAIN	EPOCH:37/200	LOSS:0.587527
VAL	EPOCH:37/200	LOSS:0.569397
TRAIN	EPOCH:38/200	LOSS:0.585545
VAL	EPOCH:38/200	LOSS:0.566187
Lowest loss model saved at ./lstm_l=2_es=64_hs=64_d=0.2_e=200_lr=0.001_bs=16/best.pytorch
TRAIN	EPOCH:39/200	LOSS:0.582174
VAL	EPOCH:39/200	LOSS:0.564494
Lowest loss model saved at ./lstm_l=2_es=64_hs=64_d=0.2_e=200_lr=0.001_bs=16/best.pytorch
TRAIN	EPOCH:40/200	LOSS:0.578475
VAL	EPOCH:40/200	LOSS:0.561092
Model saved at ./lstm_l=2_es=64_hs=64_d=0.2_e=200_lr=0.001_bs=16/checkpoint.pytorch
TRAIN	EPOCH:41/200	LOSS:0.576359
VAL	EPOCH:41/200	LOSS:0.56594
TRAIN	EPOCH:42/200	LOSS:0.571907
VAL	EPOCH:42/200	LOSS:0.558966
TRAIN	EPOCH:43/200	LOSS:0.570979
VAL	EPOCH:43/200	LOSS:0.555992
TRAIN	EPOCH:44/200	LOSS:0.56857
VAL	EPOCH:44/200	LOSS:0.553746
TRAIN	EPOCH:45/200	LOSS:0.567729
VAL	EPOCH:45/200	LOSS:0.553372
Lowest loss model saved at ./lstm_l=2_es=64_hs=64_d=0.2_e=200_lr=0.001_bs=16/best.pytorch
Model saved at ./lstm_l=2_es=64_hs=64_d=0.2_e=200_lr=0.001_bs=16/checkpoint.pytorch
TRAIN	EPOCH:46/200	LOSS:0.563402
VAL	EPOCH:46/200	LOSS:0.55328
Lowest loss model saved at ./lstm_l=2_es=64_hs=64_d=0.2_e=200_lr=0.001_bs=16/best.pytorch
TRAIN	EPOCH:47/200	LOSS:0.562242
VAL	EPOCH:47/200	LOSS:0.54857
TRAIN	EPOCH:48/200	LOSS:0.559261
VAL	EPOCH:48/200	LOSS:0.543171
TRAIN	EPOCH:49/200	LOSS:0.557665
VAL	EPOCH:49/200	LOSS:0.545429
TRAIN	EPOCH:50/200	LOSS:0.555592
VAL	EPOCH:50/200	LOSS:0.543676
Model saved at ./lstm_l=2_es=64_hs=64_d=0.2_e=200_lr=0.001_bs=16/checkpoint.pytorch
TRAIN	EPOCH:51/200	LOSS:0.554587
VAL	EPOCH:51/200	LOSS:0.543459
TRAIN	EPOCH:52/200	LOSS:0.550822
VAL	EPOCH:52/200	LOSS:0.541339
TRAIN	EPOCH:53/200	LOSS:0.549545
VAL	EPOCH:53/200	LOSS:0.542215
TRAIN	EPOCH:54/200	LOSS:0.548661
VAL	EPOCH:54/200	LOSS:0.536813
TRAIN	EPOCH:55/200	LOSS:0.547063
VAL	EPOCH:55/200	LOSS:0.537694
Model saved at ./lstm_l=2_es=64_hs=64_d=0.2_e=200_lr=0.001_bs=16/checkpoint.pytorch
TRAIN	EPOCH:56/200	LOSS:0.545502
VAL	EPOCH:56/200	LOSS:0.534966
Lowest loss model saved at ./lstm_l=2_es=64_hs=64_d=0.2_e=200_lr=0.001_bs=16/best.pytorch
TRAIN	EPOCH:57/200	LOSS:0.543967
VAL	EPOCH:57/200	LOSS:0.536961
TRAIN	EPOCH:58/200	LOSS:0.542592
VAL	EPOCH:58/200	LOSS:0.531852
TRAIN	EPOCH:59/200	LOSS:0.540996
VAL	EPOCH:59/200	LOSS:0.530984
TRAIN	EPOCH:60/200	LOSS:0.537923
VAL	EPOCH:60/200	LOSS:0.531197
Model saved at ./lstm_l=2_es=64_hs=64_d=0.2_e=200_lr=0.001_bs=16/checkpoint.pytorch
TRAIN	EPOCH:61/200	LOSS:0.536971
VAL	EPOCH:61/200	LOSS:0.530022
Lowest loss model saved at ./lstm_l=2_es=64_hs=64_d=0.2_e=200_lr=0.001_bs=16/best.pytorch
TRAIN	EPOCH:62/200	LOSS:0.53651
VAL	EPOCH:62/200	LOSS:0.528489
TRAIN	EPOCH:63/200	LOSS:0.536125
VAL	EPOCH:63/200	LOSS:0.526739
Lowest loss model saved at ./lstm_l=2_es=64_hs=64_d=0.2_e=200_lr=0.001_bs=16/best.pytorch
TRAIN	EPOCH:64/200	LOSS:0.530571
VAL	EPOCH:64/200	LOSS:0.52667
Lowest loss model saved at ./lstm_l=2_es=64_hs=64_d=0.2_e=200_lr=0.001_bs=16/best.pytorch
TRAIN	EPOCH:65/200	LOSS:0.53206
VAL	EPOCH:65/200	LOSS:0.524773
Model saved at ./lstm_l=2_es=64_hs=64_d=0.2_e=200_lr=0.001_bs=16/checkpoint.pytorch
TRAIN	EPOCH:66/200	LOSS:0.529639
VAL	EPOCH:66/200	LOSS:0.526938
TRAIN	EPOCH:67/200	LOSS:0.528968
VAL	EPOCH:67/200	LOSS:0.521145
Lowest loss model saved at ./lstm_l=2_es=64_hs=64_d=0.2_e=200_lr=0.001_bs=16/best.pytorch
TRAIN	EPOCH:68/200	LOSS:0.529187
VAL	EPOCH:68/200	LOSS:0.519738
TRAIN	EPOCH:69/200	LOSS:0.52673
VAL	EPOCH:69/200	LOSS:0.522319
TRAIN	EPOCH:70/200	LOSS:0.525427
VAL	EPOCH:70/200	LOSS:0.519181
Lowest loss model saved at ./lstm_l=2_es=64_hs=64_d=0.2_e=200_lr=0.001_bs=16/best.pytorch
Model saved at ./lstm_l=2_es=64_hs=64_d=0.2_e=200_lr=0.001_bs=16/checkpoint.pytorch
TRAIN	EPOCH:71/200	LOSS:0.525618
VAL	EPOCH:71/200	LOSS:0.5212
TRAIN	EPOCH:72/200	LOSS:0.523455
VAL	EPOCH:72/200	LOSS:0.517005
Lowest loss model saved at ./lstm_l=2_es=64_hs=64_d=0.2_e=200_lr=0.001_bs=16/best.pytorch
TRAIN	EPOCH:73/200	LOSS:0.52319
VAL	EPOCH:73/200	LOSS:0.517409
TRAIN	EPOCH:74/200	LOSS:0.520804
VAL	EPOCH:74/200	LOSS:0.517346
TRAIN	EPOCH:75/200	LOSS:0.52002
VAL	EPOCH:75/200	LOSS:0.51627
Model saved at ./lstm_l=2_es=64_hs=64_d=0.2_e=200_lr=0.001_bs=16/checkpoint.pytorch
TRAIN	EPOCH:76/200	LOSS:0.518516
VAL	EPOCH:76/200	LOSS:0.514234
TRAIN	EPOCH:77/200	LOSS:0.518462
VAL	EPOCH:77/200	LOSS:0.516367
TRAIN	EPOCH:78/200	LOSS:0.516576
VAL	EPOCH:78/200	LOSS:0.514739
TRAIN	EPOCH:79/200	LOSS:0.515966
VAL	EPOCH:79/200	LOSS:0.512303
TRAIN	EPOCH:80/200	LOSS:0.514493
VAL	EPOCH:80/200	LOSS:0.514685
Model saved at ./lstm_l=2_es=64_hs=64_d=0.2_e=200_lr=0.001_bs=16/checkpoint.pytorch
TRAIN	EPOCH:81/200	LOSS:0.514196
VAL	EPOCH:81/200	LOSS:0.511133
Lowest loss model saved at ./lstm_l=2_es=64_hs=64_d=0.2_e=200_lr=0.001_bs=16/best.pytorch
TRAIN	EPOCH:82/200	LOSS:0.512178
VAL	EPOCH:82/200	LOSS:0.511035
TRAIN	EPOCH:83/200	LOSS:0.511274
VAL	EPOCH:83/200	LOSS:0.509593
TRAIN	EPOCH:84/200	LOSS:0.51018
VAL	EPOCH:84/200	LOSS:0.507998
TRAIN	EPOCH:85/200	LOSS:0.510439
VAL	EPOCH:85/200	LOSS:0.508845
Model saved at ./lstm_l=2_es=64_hs=64_d=0.2_e=200_lr=0.001_bs=16/checkpoint.pytorch
TRAIN	EPOCH:86/200	LOSS:0.508724
VAL	EPOCH:86/200	LOSS:0.50601
Lowest loss model saved at ./lstm_l=2_es=64_hs=64_d=0.2_e=200_lr=0.001_bs=16/best.pytorch
TRAIN	EPOCH:87/200	LOSS:0.507519
VAL	EPOCH:87/200	LOSS:0.508343
TRAIN	EPOCH:88/200	LOSS:0.507279
VAL	EPOCH:88/200	LOSS:0.508675
TRAIN	EPOCH:89/200	LOSS:0.506809
VAL	EPOCH:89/200	LOSS:0.503322
Lowest loss model saved at ./lstm_l=2_es=64_hs=64_d=0.2_e=200_lr=0.001_bs=16/best.pytorch
TRAIN	EPOCH:90/200	LOSS:0.506603
VAL	EPOCH:90/200	LOSS:0.506157
Model saved at ./lstm_l=2_es=64_hs=64_d=0.2_e=200_lr=0.001_bs=16/checkpoint.pytorch
TRAIN	EPOCH:91/200	LOSS:0.505385
VAL	EPOCH:91/200	LOSS:0.503612
TRAIN	EPOCH:92/200	LOSS:0.504588
VAL	EPOCH:92/200	LOSS:0.503974
TRAIN	EPOCH:93/200	LOSS:0.503268
VAL	EPOCH:93/200	LOSS:0.508142
TRAIN	EPOCH:94/200	LOSS:0.502181
VAL	EPOCH:94/200	LOSS:0.503433
TRAIN	EPOCH:95/200	LOSS:0.501194
VAL	EPOCH:95/200	LOSS:0.502179
Model saved at ./lstm_l=2_es=64_hs=64_d=0.2_e=200_lr=0.001_bs=16/checkpoint.pytorch
TRAIN	EPOCH:96/200	LOSS:0.499913
VAL	EPOCH:96/200	LOSS:0.501978
TRAIN	EPOCH:97/200	LOSS:0.50032
VAL	EPOCH:97/200	LOSS:0.502178
TRAIN	EPOCH:98/200	LOSS:0.499837
VAL	EPOCH:98/200	LOSS:0.497791
Lowest loss model saved at ./lstm_l=2_es=64_hs=64_d=0.2_e=200_lr=0.001_bs=16/best.pytorch
TRAIN	EPOCH:99/200	LOSS:0.498889
VAL	EPOCH:99/200	LOSS:0.499456
TRAIN	EPOCH:100/200	LOSS:0.49829
VAL	EPOCH:100/200	LOSS:0.499193
Model saved at ./lstm_l=2_es=64_hs=64_d=0.2_e=200_lr=0.001_bs=16/checkpoint.pytorch
TRAIN	EPOCH:101/200	LOSS:0.496922
VAL	EPOCH:101/200	LOSS:0.498102
TRAIN	EPOCH:102/200	LOSS:0.496148
VAL	EPOCH:102/200	LOSS:0.496518
TRAIN	EPOCH:103/200	LOSS:0.497398
VAL	EPOCH:103/200	LOSS:0.500019
TRAIN	EPOCH:104/200	LOSS:0.495449
VAL	EPOCH:104/200	LOSS:0.498621
TRAIN	EPOCH:105/200	LOSS:0.495645
VAL	EPOCH:105/200	LOSS:0.496518
Model saved at ./lstm_l=2_es=64_hs=64_d=0.2_e=200_lr=0.001_bs=16/checkpoint.pytorch
TRAIN	EPOCH:106/200	LOSS:0.492201
VAL	EPOCH:106/200	LOSS:0.495981
TRAIN	EPOCH:107/200	LOSS:0.49257
VAL	EPOCH:107/200	LOSS:0.496992
TRAIN	EPOCH:108/200	LOSS:0.492643
VAL	EPOCH:108/200	LOSS:0.494699
Lowest loss model saved at ./lstm_l=2_es=64_hs=64_d=0.2_e=200_lr=0.001_bs=16/best.pytorch
TRAIN	EPOCH:109/200	LOSS:0.491958
VAL	EPOCH:109/200	LOSS:0.495199
TRAIN	EPOCH:110/200	LOSS:0.491937
VAL	EPOCH:110/200	LOSS:0.498289
Model saved at ./lstm_l=2_es=64_hs=64_d=0.2_e=200_lr=0.001_bs=16/checkpoint.pytorch
TRAIN	EPOCH:111/200	LOSS:0.490128
VAL	EPOCH:111/200	LOSS:0.494433
Lowest loss model saved at ./lstm_l=2_es=64_hs=64_d=0.2_e=200_lr=0.001_bs=16/best.pytorch
TRAIN	EPOCH:112/200	LOSS:0.489673
VAL	EPOCH:112/200	LOSS:0.492851
Lowest loss model saved at ./lstm_l=2_es=64_hs=64_d=0.2_e=200_lr=0.001_bs=16/best.pytorch
TRAIN	EPOCH:113/200	LOSS:0.487901
VAL	EPOCH:113/200	LOSS:0.493648
TRAIN	EPOCH:114/200	LOSS:0.489512
VAL	EPOCH:114/200	LOSS:0.492104
Lowest loss model saved at ./lstm_l=2_es=64_hs=64_d=0.2_e=200_lr=0.001_bs=16/best.pytorch
TRAIN	EPOCH:115/200	LOSS:0.487808
VAL	EPOCH:115/200	LOSS:0.491103
Model saved at ./lstm_l=2_es=64_hs=64_d=0.2_e=200_lr=0.001_bs=16/checkpoint.pytorch
TRAIN	EPOCH:116/200	LOSS:0.486954
VAL	EPOCH:116/200	LOSS:0.490231
TRAIN	EPOCH:117/200	LOSS:0.486623
VAL	EPOCH:117/200	LOSS:0.493894
TRAIN	EPOCH:118/200	LOSS:0.485783
VAL	EPOCH:118/200	LOSS:0.49195
TRAIN	EPOCH:119/200	LOSS:0.484999
VAL	EPOCH:119/200	LOSS:0.490417
TRAIN	EPOCH:120/200	LOSS:0.48469
VAL	EPOCH:120/200	LOSS:0.489191
Lowest loss model saved at ./lstm_l=2_es=64_hs=64_d=0.2_e=200_lr=0.001_bs=16/best.pytorch
Model saved at ./lstm_l=2_es=64_hs=64_d=0.2_e=200_lr=0.001_bs=16/checkpoint.pytorch
TRAIN	EPOCH:121/200	LOSS:0.484836
VAL	EPOCH:121/200	LOSS:0.489469
TRAIN	EPOCH:122/200	LOSS:0.483086
VAL	EPOCH:122/200	LOSS:0.489737
TRAIN	EPOCH:123/200	LOSS:0.483464
VAL	EPOCH:123/200	LOSS:0.487638
TRAIN	EPOCH:124/200	LOSS:0.483639
VAL	EPOCH:124/200	LOSS:0.488319
TRAIN	EPOCH:125/200	LOSS:0.480871
VAL	EPOCH:125/200	LOSS:0.488823
Model saved at ./lstm_l=2_es=64_hs=64_d=0.2_e=200_lr=0.001_bs=16/checkpoint.pytorch
TRAIN	EPOCH:126/200	LOSS:0.481443
VAL	EPOCH:126/200	LOSS:0.487715
TRAIN	EPOCH:127/200	LOSS:0.481211
VAL	EPOCH:127/200	LOSS:0.487961
TRAIN	EPOCH:128/200	LOSS:0.480756
VAL	EPOCH:128/200	LOSS:0.488019
TRAIN	EPOCH:129/200	LOSS:0.479541
VAL	EPOCH:129/200	LOSS:0.486585
Lowest loss model saved at ./lstm_l=2_es=64_hs=64_d=0.2_e=200_lr=0.001_bs=16/best.pytorch
TRAIN	EPOCH:130/200	LOSS:0.479369
VAL	EPOCH:130/200	LOSS:0.489527
Model saved at ./lstm_l=2_es=64_hs=64_d=0.2_e=200_lr=0.001_bs=16/checkpoint.pytorch
TRAIN	EPOCH:131/200	LOSS:0.479243
VAL	EPOCH:131/200	LOSS:0.48295
Lowest loss model saved at ./lstm_l=2_es=64_hs=64_d=0.2_e=200_lr=0.001_bs=16/best.pytorch
TRAIN	EPOCH:132/200	LOSS:0.477585
VAL	EPOCH:132/200	LOSS:0.485253
TRAIN	EPOCH:133/200	LOSS:0.477161
VAL	EPOCH:133/200	LOSS:0.485596
TRAIN	EPOCH:134/200	LOSS:0.478261
VAL	EPOCH:134/200	LOSS:0.485351
TRAIN	EPOCH:135/200	LOSS:0.476972
VAL	EPOCH:135/200	LOSS:0.48347
Model saved at ./lstm_l=2_es=64_hs=64_d=0.2_e=200_lr=0.001_bs=16/checkpoint.pytorch
TRAIN	EPOCH:136/200	LOSS:0.477012
VAL	EPOCH:136/200	LOSS:0.483891
TRAIN	EPOCH:137/200	LOSS:0.47433
VAL	EPOCH:137/200	LOSS:0.48327
TRAIN	EPOCH:138/200	LOSS:0.475472
VAL	EPOCH:138/200	LOSS:0.483606
TRAIN	EPOCH:139/200	LOSS:0.475295
VAL	EPOCH:139/200	LOSS:0.483606
TRAIN	EPOCH:140/200	LOSS:0.474787
VAL	EPOCH:140/200	LOSS:0.4832
Model saved at ./lstm_l=2_es=64_hs=64_d=0.2_e=200_lr=0.001_bs=16/checkpoint.pytorch
TRAIN	EPOCH:141/200	LOSS:0.472699
VAL	EPOCH:141/200	LOSS:0.482654
Lowest loss model saved at ./lstm_l=2_es=64_hs=64_d=0.2_e=200_lr=0.001_bs=16/best.pytorch
TRAIN	EPOCH:142/200	LOSS:0.4729
VAL	EPOCH:142/200	LOSS:0.482718
TRAIN	EPOCH:143/200	LOSS:0.474406
VAL	EPOCH:143/200	LOSS:0.483851
TRAIN	EPOCH:144/200	LOSS:0.472879
VAL	EPOCH:144/200	LOSS:0.479317
Lowest loss model saved at ./lstm_l=2_es=64_hs=64_d=0.2_e=200_lr=0.001_bs=16/best.pytorch
TRAIN	EPOCH:145/200	LOSS:0.470489
VAL	EPOCH:145/200	LOSS:0.480119
Model saved at ./lstm_l=2_es=64_hs=64_d=0.2_e=200_lr=0.001_bs=16/checkpoint.pytorch
TRAIN	EPOCH:146/200	LOSS:0.471805
VAL	EPOCH:146/200	LOSS:0.481643
TRAIN	EPOCH:147/200	LOSS:0.471324
VAL	EPOCH:147/200	LOSS:0.483187
TRAIN	EPOCH:148/200	LOSS:0.470642
VAL	EPOCH:148/200	LOSS:0.4836
TRAIN	EPOCH:149/200	LOSS:0.47095
VAL	EPOCH:149/200	LOSS:0.481659
TRAIN	EPOCH:150/200	LOSS:0.469765
VAL	EPOCH:150/200	LOSS:0.482305
Model saved at ./lstm_l=2_es=64_hs=64_d=0.2_e=200_lr=0.001_bs=16/checkpoint.pytorch
TRAIN	EPOCH:151/200	LOSS:0.469011
VAL	EPOCH:151/200	LOSS:0.480101
TRAIN	EPOCH:152/200	LOSS:0.468853
VAL	EPOCH:152/200	LOSS:0.47817
TRAIN	EPOCH:153/200	LOSS:0.46879
VAL	EPOCH:153/200	LOSS:0.477016
TRAIN	EPOCH:154/200	LOSS:0.467527
VAL	EPOCH:154/200	LOSS:0.477783
TRAIN	EPOCH:155/200	LOSS:0.468127
VAL	EPOCH:155/200	LOSS:0.478745
Model saved at ./lstm_l=2_es=64_hs=64_d=0.2_e=200_lr=0.001_bs=16/checkpoint.pytorch
TRAIN	EPOCH:156/200	LOSS:0.468196
VAL	EPOCH:156/200	LOSS:0.475954
Lowest loss model saved at ./lstm_l=2_es=64_hs=64_d=0.2_e=200_lr=0.001_bs=16/best.pytorch
TRAIN	EPOCH:157/200	LOSS:0.467187
VAL	EPOCH:157/200	LOSS:0.475467
Lowest loss model saved at ./lstm_l=2_es=64_hs=64_d=0.2_e=200_lr=0.001_bs=16/best.pytorch
TRAIN	EPOCH:158/200	LOSS:0.465672
VAL	EPOCH:158/200	LOSS:0.476549
TRAIN	EPOCH:159/200	LOSS:0.466372
VAL	EPOCH:159/200	LOSS:0.47654
TRAIN	EPOCH:160/200	LOSS:0.465679
VAL	EPOCH:160/200	LOSS:0.476189
Model saved at ./lstm_l=2_es=64_hs=64_d=0.2_e=200_lr=0.001_bs=16/checkpoint.pytorch
TRAIN	EPOCH:161/200	LOSS:0.465706
VAL	EPOCH:161/200	LOSS:0.475638
TRAIN	EPOCH:162/200	LOSS:0.464949
VAL	EPOCH:162/200	LOSS:0.47502
Lowest loss model saved at ./lstm_l=2_es=64_hs=64_d=0.2_e=200_lr=0.001_bs=16/best.pytorch
TRAIN	EPOCH:163/200	LOSS:0.46548
VAL	EPOCH:163/200	LOSS:0.475096
TRAIN	EPOCH:164/200	LOSS:0.465136
VAL	EPOCH:164/200	LOSS:0.478061
TRAIN	EPOCH:165/200	LOSS:0.463569
VAL	EPOCH:165/200	LOSS:0.476919
Model saved at ./lstm_l=2_es=64_hs=64_d=0.2_e=200_lr=0.001_bs=16/checkpoint.pytorch
TRAIN	EPOCH:166/200	LOSS:0.464249
VAL	EPOCH:166/200	LOSS:0.473789
TRAIN	EPOCH:167/200	LOSS:0.462423
VAL	EPOCH:167/200	LOSS:0.473809
TRAIN	EPOCH:168/200	LOSS:0.463657
VAL	EPOCH:168/200	LOSS:0.473964
TRAIN	EPOCH:169/200	LOSS:0.461824
VAL	EPOCH:169/200	LOSS:0.475617
TRAIN	EPOCH:170/200	LOSS:0.462525
VAL	EPOCH:170/200	LOSS:0.474243
Model saved at ./lstm_l=2_es=64_hs=64_d=0.2_e=200_lr=0.001_bs=16/checkpoint.pytorch
TRAIN	EPOCH:171/200	LOSS:0.461505
VAL	EPOCH:171/200	LOSS:0.474077
TRAIN	EPOCH:172/200	LOSS:0.461576
VAL	EPOCH:172/200	LOSS:0.47361
Lowest loss model saved at ./lstm_l=2_es=64_hs=64_d=0.2_e=200_lr=0.001_bs=16/best.pytorch
TRAIN	EPOCH:173/200	LOSS:0.462867
VAL	EPOCH:173/200	LOSS:0.474345
TRAIN	EPOCH:174/200	LOSS:0.461681
VAL	EPOCH:174/200	LOSS:0.473206
TRAIN	EPOCH:175/200	LOSS:0.460077
VAL	EPOCH:175/200	LOSS:0.472999
Model saved at ./lstm_l=2_es=64_hs=64_d=0.2_e=200_lr=0.001_bs=16/checkpoint.pytorch
TRAIN	EPOCH:176/200	LOSS:0.459979
VAL	EPOCH:176/200	LOSS:0.473622
TRAIN	EPOCH:177/200	LOSS:0.459911
VAL	EPOCH:177/200	LOSS:0.47306
TRAIN	EPOCH:178/200	LOSS:0.459554
VAL	EPOCH:178/200	LOSS:0.47246
Lowest loss model saved at ./lstm_l=2_es=64_hs=64_d=0.2_e=200_lr=0.001_bs=16/best.pytorch
TRAIN	EPOCH:179/200	LOSS:0.458969
VAL	EPOCH:179/200	LOSS:0.473531
TRAIN	EPOCH:180/200	LOSS:0.458467
VAL	EPOCH:180/200	LOSS:0.472111
Lowest loss model saved at ./lstm_l=2_es=64_hs=64_d=0.2_e=200_lr=0.001_bs=16/best.pytorch
Model saved at ./lstm_l=2_es=64_hs=64_d=0.2_e=200_lr=0.001_bs=16/checkpoint.pytorch
TRAIN	EPOCH:181/200	LOSS:0.458189
VAL	EPOCH:181/200	LOSS:0.474168
TRAIN	EPOCH:182/200	LOSS:0.458304
VAL	EPOCH:182/200	LOSS:0.471904
TRAIN	EPOCH:183/200	LOSS:0.458263
VAL	EPOCH:183/200	LOSS:0.471912
TRAIN	EPOCH:184/200	LOSS:0.457533
VAL	EPOCH:184/200	LOSS:0.473049
TRAIN	EPOCH:185/200	LOSS:0.458084
VAL	EPOCH:185/200	LOSS:0.472184
Model saved at ./lstm_l=2_es=64_hs=64_d=0.2_e=200_lr=0.001_bs=16/checkpoint.pytorch
TRAIN	EPOCH:186/200	LOSS:0.458361
VAL	EPOCH:186/200	LOSS:0.471835
Lowest loss model saved at ./lstm_l=2_es=64_hs=64_d=0.2_e=200_lr=0.001_bs=16/best.pytorch
TRAIN	EPOCH:187/200	LOSS:0.456155
VAL	EPOCH:187/200	LOSS:0.469129
Lowest loss model saved at ./lstm_l=2_es=64_hs=64_d=0.2_e=200_lr=0.001_bs=16/best.pytorch
TRAIN	EPOCH:188/200	LOSS:0.456044
VAL	EPOCH:188/200	LOSS:0.473594
TRAIN	EPOCH:189/200	LOSS:0.457024
VAL	EPOCH:189/200	LOSS:0.471717
TRAIN	EPOCH:190/200	LOSS:0.45522
VAL	EPOCH:190/200	LOSS:0.469863
Model saved at ./lstm_l=2_es=64_hs=64_d=0.2_e=200_lr=0.001_bs=16/checkpoint.pytorch
TRAIN	EPOCH:191/200	LOSS:0.456149
VAL	EPOCH:191/200	LOSS:0.470175
TRAIN	EPOCH:192/200	LOSS:0.455128
VAL	EPOCH:192/200	LOSS:0.471305
TRAIN	EPOCH:193/200	LOSS:0.455786
VAL	EPOCH:193/200	LOSS:0.468687
TRAIN	EPOCH:194/200	LOSS:0.453162
VAL	EPOCH:194/200	LOSS:0.47026
TRAIN	EPOCH:195/200	LOSS:0.455701
VAL	EPOCH:195/200	LOSS:0.470254
Model saved at ./lstm_l=2_es=64_hs=64_d=0.2_e=200_lr=0.001_bs=16/checkpoint.pytorch
TRAIN	EPOCH:196/200	LOSS:0.454233
VAL	EPOCH:196/200	LOSS:0.469052
TRAIN	EPOCH:197/200	LOSS:0.453988
VAL	EPOCH:197/200	LOSS:0.470807
TRAIN	EPOCH:198/200	LOSS:0.46317
VAL	EPOCH:198/200	LOSS:0.468605
Lowest loss model saved at ./lstm_l=2_es=64_hs=64_d=0.2_e=200_lr=0.001_bs=16/best.pytorch
TRAIN	EPOCH:199/200	LOSS:0.454295
VAL	EPOCH:199/200	LOSS:0.472618
Inferenced sample
                                          
